#
# There is insufficient memory for the Java Runtime Environment to continue.
# Native memory allocation (mmap) failed to map 268435456 bytes for Failed to commit area from 0x0000000700a00000 to 0x0000000710a00000 of length 268435456.
# Possible reasons:
#   The system is out of physical RAM or swap space
#   The process is running with CompressedOops enabled, and the Java Heap may be blocking the growth of the native heap
# Possible solutions:
#   Reduce memory load on the system
#   Increase physical memory or swap space
#   Check if swap backing store is full
#   Decrease Java heap size (-Xmx/-Xms)
#   Decrease number of Java threads
#   Decrease Java thread stack sizes (-Xss)
#   Set larger code cache with -XX:ReservedCodeCacheSize=
# This output file may be truncated or incomplete.
#
#  Out of Memory Error (t:/workspace/open/src/hotspot/os/windows/os_windows.cpp:3269), pid=7024, tid=11976
#
# JRE version:  (11.0.2+9) (build )
# Java VM: Java HotSpot(TM) 64-Bit Server VM (11.0.2+9-LTS, mixed mode, aot, sharing, tiered, compressed oops, g1 gc, windows-amd64)
# No core dump will be written. Minidumps are not enabled by default on client versions of Windows
#

---------------  S U M M A R Y ------------

Command Line: -Dfile.encoding=Cp1252 Driver

Host: Intel(R) Core(TM) i7-4790 CPU @ 3.60GHz, 8 cores, 15G,  Windows 10 , 64 bit Build 17134 (10.0.17134.556)
Time: Tue Feb 19 22:02:19 2019 Central Standard Time elapsed time: 0 seconds (0d 0h 0m 0s)

---------------  T H R E A D  ---------------

Current thread (0x00000163ed726800):  JavaThread "Unknown thread" [_thread_in_vm, id=11976, stack(0x0000004ea1100000,0x0000004ea1200000)]

Stack: [0x0000004ea1100000,0x0000004ea1200000]
Native frames: (J=compiled Java code, j=interpreted, Vv=VM code, C=native code)
V  [jvm.dll+0x63574a]
V  [jvm.dll+0x77326f]
V  [jvm.dll+0x77491a]
V  [jvm.dll+0x774fd3]
V  [jvm.dll+0x25e418]
V  [jvm.dll+0x632c0a]
V  [jvm.dll+0x627645]
V  [jvm.dll+0x314e7c]
V  [jvm.dll+0x314d02]
V  [jvm.dll+0x31a576]
V  [jvm.dll+0x36635f]
V  [jvm.dll+0x365d80]
V  [jvm.dll+0x2f19f8]
V  [jvm.dll+0x2f2b56]
V  [jvm.dll+0x74c817]
V  [jvm.dll+0x74df5f]
V  [jvm.dll+0x373179]
V  [jvm.dll+0x732eb9]
V  [jvm.dll+0x3e295d]
V  [jvm.dll+0x3e4c61]
C  [javaw.exe+0x3617]
C  [javaw.exe+0x17e2c]
C  [KERNEL32.DLL+0x13dc4]
C  [ntdll.dll+0x73691]


---------------  P R O C E S S  ---------------

Threads class SMR info:
_java_thread_list=0x00000163eb4b4aa0, length=0, elements={
}

Java Threads: ( => current thread )

Other Threads:
  0x00000163ed737000 GCTaskThread "GC Thread#0" [stack: 0x0000004ea1200000,0x0000004ea1300000] [id=8208]
  0x00000163ed796000 ConcurrentGCThread "G1 Main Marker" [stack: 0x0000004ea1300000,0x0000004ea1400000] [id=22868]
  0x00000163ed798800 ConcurrentGCThread "G1 Conc#0" [stack: 0x0000004ea1400000,0x0000004ea1500000] [id=25624]

[error occurred during error reporting (printing all threads), id 0xc0000005, EXCEPTION_ACCESS_VIOLATION (0xc0000005) at pc=0x00007ffc2ca00197]

VM state:not at safepoint (not fully initialized)

VM Mutex/Monitor currently owned by a thread:  ([mutex/lock_event])
[0x00000163ed726210] Heap_lock - owner thread: 0x00000163ed726800

Heap address: 0x0000000700a00000, size: 4086 MB, Compressed Oops mode: Non-zero based: 0x0000000700a00000
Narrow klass base: 0x0000000000000000, Narrow klass shift: 0

GC Heap History (0 events):
No events

Deoptimization events (0 events):
No events

Classes redefined (0 events):
No events

Internal exceptions (0 events):
No events

Events (0 events):
No events


Dynamic libraries:
0x00007ff676980000 - 0x00007ff6769c7000 	C:\Program Files\Java\jdk-11.0.2\bin\javaw.exe
0x00007ffc68740000 - 0x00007ffc68921000 	C:\WINDOWS\SYSTEM32\ntdll.dll
0x00007ffc67880000 - 0x00007ffc67932000 	C:\WINDOWS\System32\KERNEL32.DLL
0x00007ffc64fd0000 - 0x00007ffc65243000 	C:\WINDOWS\System32\KERNELBASE.dll
0x00007ffc65bd0000 - 0x00007ffc65c71000 	C:\WINDOWS\System32\ADVAPI32.dll
0x00007ffc68270000 - 0x00007ffc6830e000 	C:\WINDOWS\System32\msvcrt.dll
0x00007ffc65c80000 - 0x00007ffc65cdb000 	C:\WINDOWS\System32\sechost.dll
0x00007ffc66300000 - 0x00007ffc66424000 	C:\WINDOWS\System32\RPCRT4.dll
0x00007ffc68310000 - 0x00007ffc684a0000 	C:\WINDOWS\System32\USER32.dll
0x00007ffc65b00000 - 0x00007ffc65b20000 	C:\WINDOWS\System32\win32u.dll
0x00007ffc660b0000 - 0x00007ffc660d8000 	C:\WINDOWS\System32\GDI32.dll
0x00007ffc65960000 - 0x00007ffc65af2000 	C:\WINDOWS\System32\gdi32full.dll
0x00007ffc64f30000 - 0x00007ffc64fcf000 	C:\WINDOWS\System32\msvcp_win.dll
0x00007ffc64bc0000 - 0x00007ffc64cba000 	C:\WINDOWS\System32\ucrtbase.dll
0x00007ffc56680000 - 0x00007ffc568e9000 	C:\WINDOWS\WinSxS\amd64_microsoft.windows.common-controls_6595b64144ccf1df_6.0.17134.590_none_fb3d9bff3069e088\COMCTL32.dll
0x00007ffc61260000 - 0x00007ffc6126a000 	C:\WINDOWS\SYSTEM32\VERSION.dll
0x00007ffc65ce0000 - 0x00007ffc66002000 	C:\WINDOWS\System32\combase.dll
0x00007ffc64cc0000 - 0x00007ffc64d3a000 	C:\WINDOWS\System32\bcryptPrimitives.dll
0x00007ffc67d90000 - 0x00007ffc67dbd000 	C:\WINDOWS\System32\IMM32.DLL
0x00007ffc547f0000 - 0x00007ffc54806000 	C:\Program Files\Java\jdk-11.0.2\bin\vcruntime140.dll
0x00007ffc53840000 - 0x00007ffc538ea000 	C:\Program Files\Java\jdk-11.0.2\bin\msvcp140.dll
0x00007ffc2c700000 - 0x00007ffc2d227000 	C:\Program Files\Java\jdk-11.0.2\bin\server\jvm.dll
0x00007ffc662f0000 - 0x00007ffc662f8000 	C:\WINDOWS\System32\PSAPI.DLL
0x00007ffc593b0000 - 0x00007ffc593d3000 	C:\WINDOWS\SYSTEM32\WINMM.dll
0x00007ffc58f90000 - 0x00007ffc58f99000 	C:\WINDOWS\SYSTEM32\WSOCK32.dll
0x00007ffc67940000 - 0x00007ffc679ac000 	C:\WINDOWS\System32\WS2_32.dll
0x00007ffc59380000 - 0x00007ffc593aa000 	C:\WINDOWS\SYSTEM32\WINMMBASE.dll
0x00007ffc64b10000 - 0x00007ffc64b59000 	C:\WINDOWS\System32\cfgmgr32.dll
0x00007ffc64ae0000 - 0x00007ffc64af1000 	C:\WINDOWS\System32\kernel.appcore.dll
0x00007ffc5f700000 - 0x00007ffc5f711000 	C:\Program Files\Java\jdk-11.0.2\bin\verify.dll
0x00007ffc5d7f0000 - 0x00007ffc5d9b9000 	C:\WINDOWS\SYSTEM32\DBGHELP.DLL
0x00007ffc5d7c0000 - 0x00007ffc5d7e9000 	C:\WINDOWS\SYSTEM32\dbgcore.DLL
0x00007ffc5da60000 - 0x00007ffc5da89000 	C:\Program Files\Java\jdk-11.0.2\bin\java.dll
0x00007ffc5f540000 - 0x00007ffc5f556000 	C:\Program Files\Java\jdk-11.0.2\bin\zip.dll
0x00007ffc60ae0000 - 0x00007ffc60aea000 	C:\Program Files\Java\jdk-11.0.2\bin\jimage.dll

dbghelp: loaded successfully - version: 4.0.5 - missing functions: none
symbol engine: initialized successfully - sym options: 0x614 - pdb path: .;C:\Program Files\Java\jdk-11.0.2\bin;C:\WINDOWS\SYSTEM32;C:\WINDOWS\WinSxS\amd64_microsoft.windows.common-controls_6595b64144ccf1df_6.0.17134.590_none_fb3d9bff3069e088;C:\Program Files\Java\jdk-11.0.2\bin\server

VM Arguments:
jvm_args: -Dfile.encoding=Cp1252 
java_command: Driver
java_class_path (initial): C:\Users\Purpl_000\Google Drive (erincharrington12@gmail.com)\Java 2 Spring 2019\Java 2 Files and Assignments\lab5\bin
Launcher Type: SUN_STANDARD

[Global flags]
     intx CICompilerCount                          = 4                                         {product} {ergonomic}
     uint ConcGCThreads                            = 2                                         {product} {ergonomic}
     uint G1ConcRefinementThreads                  = 8                                         {product} {ergonomic}
   size_t G1HeapRegionSize                         = 1048576                                   {product} {ergonomic}
    uintx GCDrainStackTargetSize                   = 64                                        {product} {ergonomic}
   size_t InitialHeapSize                          = 268435456                                 {product} {ergonomic}
   size_t MarkStackSize                            = 4194304                                   {product} {ergonomic}
   size_t MaxHeapSize                              = 4284481536                                {product} {ergonomic}
   size_t MinHeapDeltaBytes                        = 1048576                                   {product} {ergonomic}
    uintx NonNMethodCodeHeapSize                   = 5835340                                {pd product} {ergonomic}
    uintx NonProfiledCodeHeapSize                  = 122911450                              {pd product} {ergonomic}
    uintx ProfiledCodeHeapSize                     = 122911450                              {pd product} {ergonomic}
    uintx ReservedCodeCacheSize                    = 251658240                              {pd product} {ergonomic}
     bool SegmentedCodeCache                       = true                                      {product} {ergonomic}
     bool UseCompressedClassPointers               = true                                 {lp64_product} {ergonomic}
     bool UseCompressedOops                        = true                                 {lp64_product} {ergonomic}
     bool UseG1GC                                  = true                                      {product} {ergonomic}
     bool UseLargePagesIndividualAllocation        = false                                  {pd product} {ergonomic}

Logging:
Log output configuration:
 #0: stdout all=warning uptime,level,tags
 #1: stderr all=off uptime,level,tags

Environment Variables:
PATH=C:/Program Files/Java/jdk-11.0.2/bin/server;C:/Program Files/Java/jdk-11.0.2/bin;C:\Program Files (x86)\NVIDIA Corporation\PhysX\Common;C:\Program Files\Broadcom\Broadcom 802.11;c:\Program Files (x86)\Intel\iCLS Client\;c:\Program Files\Intel\iCLS Client\;C:\WINDOWS\system32;C:\WINDOWS;C:\WINDOWS\System32\Wbem;C:\WINDOWS\System32\WindowsPowerShell\v1.0\;C:\Program Files\Intel\Intel(R) Management Engine Components\DAL;C:\Program Files\Intel\Intel(R) Management Engine Components\IPT;C:\Program Files (x86)\Intel\Intel(R) Management Engine Components\DAL;C:\Program Files (x86)\Intel\Intel(R) Management Engine Components\IPT;C:\Program Files\Hewlett-Packard\SimplePass\;C:\Program Files (x86)\Skype\Phone\;C:\WINDOWS\System32\OpenSSH\;C:\Program Files\Git\cmd;C:\Program Files\NVIDIA Corporation\NVIDIA NvDLISR;c:\users\purpl_000\appdata\local\enthought\canopy\user\scripts;C:\Users\Purpl_000\AppData\Local\Enthought\Canopy\User;C:\Users\Purpl_000\AppData\Local\Enthought\Canopy\User\Scripts;%USERPROFILE%\AppData\Local\Microsoft\WindowsApps;;C:\Users\Purpl_000\Desktop;
USERNAME=Purpl_000
OS=Windows_NT
PROCESSOR_IDENTIFIER=Intel64 Family 6 Model 60 Stepping 3, GenuineIntel



---------------  S Y S T E M  ---------------

OS: Windows 10 , 64 bit Build 17134 (10.0.17134.556)

CPU:total 8 (initial active 8) (4 cores per cpu, 2 threads per core) family 6 model 60 stepping 3, cmov, cx8, fxsr, mmx, sse, sse2, sse3, ssse3, sse4.1, sse4.2, popcnt, avx, avx2, aes, clmul, erms, lzcnt, ht, tsc, tscinvbit, bmi1, bmi2, fma

Memory: 4k page, system-wide physical 16337M (7801M free)
TotalPageFile size 20414M (AvailPageFile size 189M)
current process WorkingSet (physical memory assigned to process): 9M, peak: 9M
current process commit charge ("private bytes"): 60M, peak: 316M

vm_info: Java HotSpot(TM) 64-Bit Server VM (11.0.2+9-LTS) for windows-amd64 JRE (11.0.2+9-LTS), built on Jan 18 2019 05:24:10 by "mach5one" with MS VC++ 15.5 (VS2017)

END.
